  TCPServer.cpp
C:\Users\Eva\Documents\University\Computer Science Year 3\Concurrent and parallel systems\TCPServer-Caps-Assignment\Assignment\TCPServerMultithreaded\TCPServerMutithreaded\TCPServer.cpp(272,33): warning C4267: 'argument': conversion from 'size_t' to 'const _Elem', possible loss of data
          with
          [
              _Elem=char
          ]
C:\Users\Eva\Documents\University\Computer Science Year 3\Concurrent and parallel systems\TCPServer-Caps-Assignment\Assignment\TCPServerMultithreaded\TCPServerMutithreaded\TCPServer.cpp(277,61): warning C4267: 'initializing': conversion from 'size_t' to 'int', possible loss of data
C:\Users\Eva\Documents\University\Computer Science Year 3\Concurrent and parallel systems\TCPServer-Caps-Assignment\Assignment\TCPServerMultithreaded\TCPServerMutithreaded\TCPServer.cpp(286,30): warning C4267: 'argument': conversion from 'size_t' to 'const _Elem', possible loss of data
          with
          [
              _Elem=char
          ]
C:\Users\Eva\Documents\University\Computer Science Year 3\Concurrent and parallel systems\TCPServer-Caps-Assignment\Assignment\TCPServerMultithreaded\TCPServerMutithreaded\TCPServer.cpp(287,32): warning C4267: 'initializing': conversion from 'size_t' to 'int', possible loss of data
C:\Users\Eva\Documents\University\Computer Science Year 3\Concurrent and parallel systems\TCPServer-Caps-Assignment\Assignment\TCPServerMultithreaded\TCPServerMutithreaded\TCPServer.cpp(304,30): warning C4267: 'argument': conversion from 'size_t' to 'const _Elem', possible loss of data
          with
          [
              _Elem=char
          ]
C:\Users\Eva\Documents\University\Computer Science Year 3\Concurrent and parallel systems\TCPServer-Caps-Assignment\Assignment\TCPServerMultithreaded\TCPServerMutithreaded\TCPServer.cpp(306,69): warning C4267: 'initializing': conversion from 'size_t' to 'unsigned int', possible loss of data
  Generating code
  4 of 496 functions ( 0.8%) were compiled, the rest were copied from previous compilation.
    0 functions were new in current compilation
    1 functions had inline decision re-evaluated but remain unchanged
  Finished generating code
  TCPServerMutithreaded.vcxproj -> C:\Users\Eva\Documents\University\Computer Science Year 3\Concurrent and parallel systems\TCPServer-Caps-Assignment\Assignment\TCPServerMultithreaded\x64\Release\TCPServerMultiThreadedCAPS.exe
